<?xml version="1.0" encoding="UTF-8"?>
<testsuite xmlns:xsi="http://www.w3.org/2001/XMLSchema-instance" xsi:noNamespaceSchemaLocation="https://maven.apache.org/surefire/maven-surefire-plugin/xsd/surefire-test-report-3.0.xsd" version="3.0" name="org.apache.httpcomponents.AppTest" time="0.045" tests="1" errors="0" skipped="0" failures="0">
  <properties>
    <property name="java.specification.version" value="20"/>
    <property name="sun.cpu.isalist" value="amd64"/>
    <property name="sun.jnu.encoding" value="Cp1252"/>
    <property name="java.class.path" value="C:\Users\JAI SHREE KRISHNA\javapro\httpclient\target\test-classes;C:\Users\JAI SHREE KRISHNA\javapro\httpclient\target\classes;C:\Users\JAI SHREE KRISHNA\.m2\repository\junit\junit\3.8.1\junit-3.8.1.jar;C:\Users\JAI SHREE KRISHNA\.m2\repository\com\fasterxml\jackson\core\jackson-databind\2.13.0\jackson-databind-2.13.0.jar;C:\Users\JAI SHREE KRISHNA\.m2\repository\com\fasterxml\jackson\core\jackson-annotations\2.13.0\jackson-annotations-2.13.0.jar;C:\Users\JAI SHREE KRISHNA\.m2\repository\com\fasterxml\jackson\core\jackson-core\2.13.0\jackson-core-2.13.0.jar;"/>
    <property name="java.vm.vendor" value="Oracle Corporation"/>
    <property name="sun.arch.data.model" value="64"/>
    <property name="user.variant" value=""/>
    <property name="java.vendor.url" value="https://java.oracle.com/"/>
    <property name="user.timezone" value="Asia/Calcutta"/>
    <property name="os.name" value="Windows 10"/>
    <property name="java.vm.specification.version" value="20"/>
    <property name="sun.java.launcher" value="SUN_STANDARD"/>
    <property name="user.country" value="IN"/>
    <property name="sun.boot.library.path" value="C:\Program Files\Java\jdk-20\bin"/>
    <property name="sun.java.command" value="C:\Users\JAI SHREE KRISHNA\AppData\Local\Temp\surefire5255826694187667279\surefirebooter-20230925012733183_3.jar C:\Users\JAI SHREE KRISHNA\AppData\Local\Temp\surefire5255826694187667279 2023-09-25T01-27-32_919-jvmRun1 surefire-20230925012733183_1tmp surefire_0-20230925012733183_2tmp"/>
    <property name="jdk.debug" value="release"/>
    <property name="surefire.test.class.path" value="C:\Users\JAI SHREE KRISHNA\javapro\httpclient\target\test-classes;C:\Users\JAI SHREE KRISHNA\javapro\httpclient\target\classes;C:\Users\JAI SHREE KRISHNA\.m2\repository\junit\junit\3.8.1\junit-3.8.1.jar;C:\Users\JAI SHREE KRISHNA\.m2\repository\com\fasterxml\jackson\core\jackson-databind\2.13.0\jackson-databind-2.13.0.jar;C:\Users\JAI SHREE KRISHNA\.m2\repository\com\fasterxml\jackson\core\jackson-annotations\2.13.0\jackson-annotations-2.13.0.jar;C:\Users\JAI SHREE KRISHNA\.m2\repository\com\fasterxml\jackson\core\jackson-core\2.13.0\jackson-core-2.13.0.jar;"/>
    <property name="sun.cpu.endian" value="little"/>
    <property name="user.home" value="C:\Users\JAI SHREE KRISHNA"/>
    <property name="user.language" value="en"/>
    <property name="java.specification.vendor" value="Oracle Corporation"/>
    <property name="java.version.date" value="2023-07-18"/>
    <property name="java.home" value="C:\Program Files\Java\jdk-20"/>
    <property name="file.separator" value="\"/>
    <property name="basedir" value="C:\Users\JAI SHREE KRISHNA\javapro\httpclient"/>
    <property name="java.vm.compressedOopsMode" value="32-bit"/>
    <property name="line.separator" value="&#10;"/>
    <property name="java.vm.specification.vendor" value="Oracle Corporation"/>
    <property name="java.specification.name" value="Java Platform API Specification"/>
    <property name="surefire.real.class.path" value="C:\Users\JAI SHREE KRISHNA\AppData\Local\Temp\surefire5255826694187667279\surefirebooter-20230925012733183_3.jar"/>
    <property name="user.script" value=""/>
    <property name="sun.management.compiler" value="HotSpot 64-Bit Tiered Compilers"/>
    <property name="java.runtime.version" value="20.0.2+9-78"/>
    <property name="user.name" value="JAI SHREE KRISHNA"/>
    <property name="stdout.encoding" value="Cp1252"/>
    <property name="path.separator" value=";"/>
    <property name="os.version" value="10.0"/>
    <property name="java.runtime.name" value="Java(TM) SE Runtime Environment"/>
    <property name="file.encoding" value="UTF-8"/>
    <property name="java.vm.name" value="Java HotSpot(TM) 64-Bit Server VM"/>
    <property name="localRepository" value="C:\Users\JAI SHREE KRISHNA\.m2\repository"/>
    <property name="java.vendor.url.bug" value="https://bugreport.java.com/bugreport/"/>
    <property name="java.io.tmpdir" value="C:\Users\JAISHR~1\AppData\Local\Temp\"/>
    <property name="java.version" value="20.0.2"/>
    <property name="user.dir" value="C:\Users\JAI SHREE KRISHNA\javapro\httpclient"/>
    <property name="os.arch" value="amd64"/>
    <property name="java.vm.specification.name" value="Java Virtual Machine Specification"/>
    <property name="sun.os.patch.level" value=""/>
    <property name="native.encoding" value="Cp1252"/>
    <property name="java.library.path" value="C:\Program Files\Java\jdk-20\bin;C:\WINDOWS\Sun\Java\bin;C:\WINDOWS\system32;C:\WINDOWS;C:\Program Files\Eclipse Adoptium\jdk-17.0.8.101-hotspot\bin;C:\Program Files\Common Files\Oracle\Java\javapath;C:\Program Files (x86)\Common Files\Oracle\Java\javapath;D:\softwares\product\11.2.0\client_4;D:\softwares\product\11.2.0\client_4\bin;D:\softwares\product\11.2.0\client_3;D:\softwares\product\11.2.0\client_3\bin;D:\softwares\product\11.2.0\client_2;D:\softwares\product\11.2.0\client_2\bin;D:\softwares\product\11.2.0\client_1;D:\softwares\product\11.2.0\client_1\bin;C:\msys64\mingw64\bin;C:\Program Files\nodejs\;C:\MinGW\bin;C:\MinGW\bin\g++.exe;C:\Program Files\Java\jdk-20\bin;C:\Program Files\Git\cmd;C:\Program Files\apache-maven-3.9.4\bin;C:\Users\JAI SHREE KRISHNA\anaconda3;C:\Users\JAI SHREE KRISHNA\anaconda3\Library\mingw-w64\bin;C:\Users\JAI SHREE KRISHNA\anaconda3\Library\usr\bin;C:\Users\JAI SHREE KRISHNA\anaconda3\Library\bin;C:\Users\JAI SHREE KRISHNA\anaconda3\Scripts;C:\Users\JAI SHREE KRISHNA\AppData\Local\Programs\Python\Python39\Scripts\;C:\Users\JAI SHREE KRISHNA\AppData\Local\Programs\Python\Python39\;C:\Users\JAI SHREE KRISHNA\AppData\Roaming\npm;C:\Windows\System32;C:\Program Files\heroku\bin;D:\softwares\instantclient_19_9;D:\softwares\app\oracle\admin;C:\Program Files\MongoDB\Server\4.4\bin;C:\Program Files (x86)\mingw32\bin;C:\msys64;C:\Program Files (x86);C:\Users\JAI SHREE KRISHNA\AppData\Local\Programs\Microsoft VS Code\bin;."/>
    <property name="java.vm.info" value="mixed mode, sharing"/>
    <property name="stderr.encoding" value="Cp1252"/>
    <property name="java.vendor" value="Oracle Corporation"/>
    <property name="java.vm.version" value="20.0.2+9-78"/>
    <property name="sun.io.unicode.encoding" value="UnicodeLittle"/>
    <property name="java.class.version" value="64.0"/>
  </properties>
  <testcase name="testApp" classname="org.apache.httpcomponents.AppTest" time="0.005"/>
</testsuite>